2024-10-23 19:12:57 [main] INFO : Starting test Validate Login Credentials: 
2024-10-23 19:12:58 [main] INFO : Action completed: 
2024-10-23 19:12:59 [main] INFO : Validate Login Credentials test completed.
2024-10-23 19:14:04 [main] INFO : Starting test Validate Login Credentials: 
2024-10-23 19:14:05 [main] INFO : Action completed: 
2024-10-23 19:14:05 [main] INFO : Validate Login Credentials test completed.
2024-10-25 13:55:34 [main] INFO : Starting testvalidateLoginCredetianls
2024-10-25 13:55:35 [main] INFO : Action completed: 
2024-10-25 13:55:35 [main] INFO : Validate Login Credentials test completed.
2024-10-25 13:56:42 [main] INFO : Starting test: validateLoginCredetianls
2024-10-25 13:56:44 [main] INFO : Action completed: 
2024-10-25 13:56:44 [main] INFO : Validate Login Credentials test completed.
2024-10-25 13:59:09 [main] INFO : Starting test: validateLoginCredetianls
2024-10-25 13:59:10 [main] INFO : Action completed: 
2024-10-25 13:59:10 [main] INFO : Validate: validateLoginCredetianls
2024-10-25 14:02:08 [main] INFO : Starting test: validateBuyZaraCoat3
2024-10-25 14:03:20 [main] INFO : Starting test: validateLoginWrongCredentials
2024-10-25 14:03:21 [main] INFO : Action completed 
2024-10-25 14:03:21 [main] INFO : Validate: validateLoginWrongCredentials
2024-10-25 14:04:27 [main] INFO : Starting test: validateBuyZaraCoat3
2024-10-25 14:06:14 [main] INFO : Starting test: validateBuyZaraCoat3
2024-10-25 14:12:22 [main] INFO : Starting test: validateFilterByName
2024-10-25 14:12:33 [main] ERROR: An error occurred while performing the action:
2024-10-25 14:12:33 [main] INFO : Validate: validateFilterByName
2024-10-25 14:13:54 [main] INFO : Starting test: validateSeeAndAddToCart
2024-10-25 14:13:56 [main] INFO : Action completed 
2024-10-25 14:13:56 [main] INFO : Validate: validateSeeAndAddToCart
2024-10-25 14:15:25 [main] INFO : Starting test: validateBuyZaraCoat3
2024-10-25 14:15:42 [main] INFO : Action completed 
2024-10-25 14:15:42 [main] INFO : Validate: validateBuyZaraCoat3
2024-10-25 14:26:58 [main] INFO : Starting test: validateBuyZaraCoat3
2024-10-25 14:27:16 [main] INFO : Action completed 
2024-10-25 14:27:16 [main] INFO : Validate: validateBuyZaraCoat3
2024-10-25 14:27:22 [main] INFO : Starting test: validateFilterByName
2024-10-25 14:27:35 [main] INFO : Action completed 
2024-10-25 14:27:35 [main] INFO : Validate: validateFilterByName
2024-10-25 14:27:39 [main] INFO : Starting test: validateLoginCredetianls
2024-10-25 14:27:43 [main] INFO : Action completed 
2024-10-25 14:27:43 [main] INFO : Validate: validateLoginCredetianls
2024-10-25 14:27:50 [main] INFO : Starting test: validateLoginWrongCredentials
2024-10-25 14:27:51 [main] INFO : Action completed 
2024-10-25 14:27:51 [main] INFO : Validate: validateLoginWrongCredentials
2024-10-25 14:27:57 [main] INFO : Starting test: validateTheOrderAfterPurchase
2024-10-25 14:28:15 [main] INFO : Action completed 
2024-10-25 14:28:15 [main] INFO : Validate: validateTheOrderAfterPurchase
2024-10-25 14:49:57 [main] INFO : Starting test: validateAddCart
2024-10-25 14:50:11 [main] INFO : Action completed 
2024-10-25 14:50:11 [main] INFO : Validate: validateAddCart
2024-10-25 14:50:18 [main] INFO : Starting test: validateBuyZaraCoat3
2024-10-25 14:50:36 [main] INFO : Action completed 
2024-10-25 14:50:36 [main] INFO : Validate: validateBuyZaraCoat3
2024-10-25 14:50:42 [main] INFO : Starting test: validateDeleteTheOrder
2024-10-25 14:50:44 [main] INFO : Action completed 
2024-10-25 14:50:44 [main] INFO : Validate: validateDeleteTheOrder
2024-10-25 14:50:50 [main] INFO : Starting test: validatePriceRange
2024-10-25 14:50:52 [main] INFO : Action completed 
2024-10-25 14:50:52 [main] INFO : Validate: validatePriceRange
2024-10-25 14:50:58 [main] INFO : Starting test: validateProductDoesntAppear
2024-10-25 14:51:00 [main] INFO : Validate: validateProductDoesntAppear
2024-10-25 14:51:04 [main] INFO : Starting test: validateRequiredFields
2024-10-25 14:51:33 [main] INFO : Action completed 
2024-10-25 14:51:33 [main] INFO : Validate: validateRequiredFields
2024-10-25 14:51:39 [main] INFO : Starting test: validateSearchByCategories
2024-10-25 14:51:41 [main] INFO : Validate: validateSearchByCategories
2024-10-25 14:51:48 [main] INFO : Starting test: validateSeeAndAddToCart
2024-10-25 14:51:50 [main] INFO : Action completed 
2024-10-25 14:51:50 [main] INFO : Validate: validateSeeAndAddToCart
2024-10-25 14:51:56 [main] INFO : Starting test: validateTheOrderAfterPurchase
2024-10-25 14:52:15 [main] INFO : Action completed 
2024-10-25 14:52:15 [main] INFO : Validate: validateTheOrderAfterPurchase
2024-10-25 14:52:23 [main] INFO : Starting test: validateViewAndContinue
2024-10-25 14:52:25 [main] INFO : Action completed 
2024-10-25 14:52:25 [main] INFO : Validate: validateViewAndContinue
2024-10-25 14:55:35 [main] INFO : Starting test: validateSearchByCategories
2024-10-25 14:55:37 [main] INFO : Validate: validateSearchByCategories
2024-10-25 14:56:29 [main] INFO : Starting test: validateAddCart
2024-10-25 14:56:45 [main] INFO : Action completed 
2024-10-25 14:56:45 [main] INFO : Validate: validateAddCart
2024-10-25 14:56:51 [main] INFO : Starting test: validateBuyZaraCoat3
2024-10-25 14:57:08 [main] INFO : Action completed 
2024-10-25 14:57:08 [main] INFO : Validate: validateBuyZaraCoat3
2024-10-25 14:57:14 [main] INFO : Starting test: validateDeleteTheOrder
2024-10-25 14:57:16 [main] INFO : Action completed 
2024-10-25 14:57:16 [main] INFO : Validate: validateDeleteTheOrder
2024-10-25 14:57:22 [main] INFO : Starting test: validatePriceRange
2024-10-25 14:57:24 [main] INFO : Action completed 
2024-10-25 14:57:24 [main] INFO : Validate: validatePriceRange
2024-10-25 14:57:33 [main] INFO : Starting test: validateProductDoesntAppear
2024-10-25 14:57:35 [main] INFO : Validate: validateProductDoesntAppear
2024-10-25 14:57:41 [main] INFO : Starting test: validateRequiredFields
2024-10-25 14:57:57 [main] INFO : Action completed 
2024-10-25 14:57:57 [main] INFO : Validate: validateRequiredFields
2024-10-25 14:58:03 [main] INFO : Starting test: validateSearchByCategories
2024-10-25 14:58:05 [main] INFO : Action completed 
2024-10-25 14:58:05 [main] INFO : Validate: validateSearchByCategories
2024-10-25 14:58:11 [main] INFO : Starting test: validateSeeAndAddToCart
2024-10-25 14:58:13 [main] INFO : Action completed 
2024-10-25 14:58:13 [main] INFO : Validate: validateSeeAndAddToCart
2024-10-25 14:58:19 [main] INFO : Starting test: validateTheOrderAfterPurchase
2024-10-25 14:58:38 [main] INFO : Action completed 
2024-10-25 14:58:38 [main] INFO : Validate: validateTheOrderAfterPurchase
2024-10-25 14:58:45 [main] INFO : Starting test: validateViewAndContinue
2024-10-25 14:58:49 [main] INFO : Action completed 
2024-10-25 14:58:49 [main] INFO : Validate: validateViewAndContinue
2024-10-25 14:59:44 [main] INFO : Starting test: validateAddCart
2024-10-25 14:59:59 [main] INFO : Action completed 
2024-10-25 14:59:59 [main] INFO : Validate: validateAddCart
2024-10-25 15:00:05 [main] INFO : Starting test: validateBuyZaraCoat3
2024-10-25 15:00:22 [main] INFO : Action completed 
2024-10-25 15:00:22 [main] INFO : Validate: validateBuyZaraCoat3
2024-10-25 15:00:29 [main] INFO : Starting test: validateDeleteTheOrder
2024-10-25 15:00:31 [main] INFO : Action completed 
2024-10-25 15:00:31 [main] INFO : Validate: validateDeleteTheOrder
2024-10-25 15:00:37 [main] INFO : Starting test: validatePriceRange
2024-10-25 15:00:39 [main] INFO : Action completed 
2024-10-25 15:00:39 [main] INFO : Validate: validatePriceRange
2024-10-25 15:00:45 [main] INFO : Starting test: validateProductDoesntAppear
2024-10-25 15:00:47 [main] INFO : Action completed 
2024-10-25 15:00:47 [main] INFO : Validate: validateProductDoesntAppear
2024-10-25 15:00:53 [main] INFO : Starting test: validateRequiredFields
2024-10-25 15:01:09 [main] INFO : Action completed 
2024-10-25 15:01:09 [main] INFO : Validate: validateRequiredFields
2024-10-25 15:01:17 [main] INFO : Starting test: validateSearchByCategories
2024-10-25 15:01:19 [main] INFO : Action completed 
2024-10-25 15:01:19 [main] INFO : Validate: validateSearchByCategories
2024-10-25 15:01:25 [main] INFO : Starting test: validateSeeAndAddToCart
2024-10-25 15:01:27 [main] INFO : Action completed 
2024-10-25 15:01:27 [main] INFO : Validate: validateSeeAndAddToCart
2024-10-25 15:01:33 [main] INFO : Starting test: validateTheOrderAfterPurchase
2024-10-25 15:01:51 [main] INFO : Action completed 
2024-10-25 15:01:51 [main] INFO : Validate: validateTheOrderAfterPurchase
2024-10-25 15:01:58 [main] INFO : Starting test: validateViewAndContinue
2024-10-25 15:02:00 [main] INFO : Action completed 
2024-10-25 15:02:00 [main] INFO : Validate: validateViewAndContinue
